2026-07-03T06:28:49.622Z [INFO]: Starting test: Logout from dashboard
2026-07-03T06:28:49.624Z [INFO]: Opening Login Page
2026-07-03T06:28:49.625Z [INFO]: Navigating to URL: https://www.saucedemo.com
2026-07-03T06:28:49.665Z [INFO]: Starting test: Successful login
2026-07-03T06:28:49.667Z [INFO]: Opening Login Page
2026-07-03T06:28:49.668Z [INFO]: Navigating to URL: https://www.saucedemo.com
2026-07-03T06:28:49.781Z [INFO]: Starting test: Failed login
2026-07-03T06:28:49.782Z [INFO]: Opening Login Page
2026-07-03T06:28:49.783Z [INFO]: Navigating to URL: https://www.saucedemo.com
2026-07-03T06:28:52.973Z [INFO]: Waiting for page load state: load
2026-07-03T06:28:52.978Z [INFO]: Entering credentials for user: testuser
2026-07-03T06:28:52.978Z [INFO]: Filling 'testuser' into Username Input element (#user-name)
2026-07-03T06:28:52.977Z [INFO]: Waiting for page load state: load
2026-07-03T06:28:52.980Z [INFO]: Entering credentials for user: locked_out_user
2026-07-03T06:28:52.981Z [INFO]: Filling 'locked_out_user' into Username Input element (#user-name)
2026-07-03T06:28:52.995Z [INFO]: Waiting for page load state: load
2026-07-03T06:28:53.001Z [INFO]: Entering credentials for user: standard_user
2026-07-03T06:28:53.002Z [INFO]: Filling 'standard_user' into Username Input element (#user-name)
2026-07-03T06:28:53.023Z [INFO]: Filling 'password123' into Password Input element (#password)
2026-07-03T06:28:53.020Z [INFO]: Filling 'secret_sauce' into Password Input element (#password)
2026-07-03T06:28:53.039Z [INFO]: Clicking login button
2026-07-03T06:28:53.039Z [INFO]: Clicking on Login Button element (#login-button)
2026-07-03T06:28:53.045Z [INFO]: Clicking login button
2026-07-03T06:28:53.045Z [INFO]: Clicking on Login Button element (#login-button)
2026-07-03T06:28:53.055Z [INFO]: Filling 'secret_sauce' into Password Input element (#password)
2026-07-03T06:28:53.077Z [INFO]: Clicking login button
2026-07-03T06:28:53.077Z [INFO]: Clicking on Login Button element (#login-button)
2026-07-03T06:28:53.111Z [INFO]: Asserting element is visible: [data-test="error"]
2026-07-03T06:28:53.119Z [INFO]: Asserting URL contains: /dashboard
2026-07-03T06:28:53.130Z [INFO]: Test passed successfully.
2026-07-03T06:28:53.181Z [INFO]: Asserting URL contains: /inventory.html
2026-07-03T06:28:53.192Z [INFO]: Asserting element is visible: .title
2026-07-03T06:28:53.204Z [INFO]: Test passed successfully.
2026-07-03T06:29:05.984Z [INFO]: Starting test: Logout from dashboard
2026-07-03T06:29:05.985Z [INFO]: Opening Login Page
2026-07-03T06:29:05.986Z [INFO]: Navigating to URL: https://www.saucedemo.com
2026-07-03T06:29:06.412Z [INFO]: Waiting for page load state: load
2026-07-03T06:29:06.416Z [INFO]: Entering credentials for user: testuser
2026-07-03T06:29:06.416Z [INFO]: Filling 'testuser' into Username Input element (#user-name)
2026-07-03T06:29:06.456Z [INFO]: Filling 'password123' into Password Input element (#password)
2026-07-03T06:29:06.477Z [INFO]: Clicking login button
2026-07-03T06:29:06.477Z [INFO]: Clicking on Login Button element (#login-button)
2026-07-03T06:29:06.541Z [INFO]: Asserting URL contains: /dashboard
2026-07-03T06:29:53.691Z [INFO]: Starting test: Successful login
2026-07-03T06:29:53.693Z [INFO]: Opening Login Page
2026-07-03T06:29:53.693Z [INFO]: Navigating to URL: https://www.saucedemo.com
2026-07-03T06:29:53.828Z [INFO]: Starting test: Logout from dashboard
2026-07-03T06:29:53.830Z [INFO]: Opening Login Page
2026-07-03T06:29:53.830Z [INFO]: Navigating to URL: https://www.saucedemo.com
2026-07-03T06:29:53.957Z [INFO]: Starting test: Failed login
2026-07-03T06:29:53.959Z [INFO]: Opening Login Page
2026-07-03T06:29:53.959Z [INFO]: Navigating to URL: https://www.saucedemo.com
2026-07-03T06:29:54.098Z [INFO]: Waiting for page load state: load
2026-07-03T06:29:54.101Z [INFO]: Entering credentials for user: standard_user
2026-07-03T06:29:54.102Z [INFO]: Filling 'standard_user' into Username Input element (#user-name)
2026-07-03T06:29:54.136Z [INFO]: Filling 'secret_sauce' into Password Input element (#password)
2026-07-03T06:29:54.145Z [INFO]: Clicking login button
2026-07-03T06:29:54.146Z [INFO]: Clicking on Login Button element (#login-button)
2026-07-03T06:29:54.222Z [INFO]: Asserting URL contains: /inventory.html
2026-07-03T06:29:54.232Z [INFO]: Asserting element is visible: .title
2026-07-03T06:29:54.239Z [INFO]: Test passed successfully.
2026-07-03T06:29:54.322Z [INFO]: Waiting for page load state: load
2026-07-03T06:29:54.327Z [INFO]: Entering credentials for user: standard_user
2026-07-03T06:29:54.327Z [INFO]: Filling 'standard_user' into Username Input element (#user-name)
2026-07-03T06:29:54.379Z [INFO]: Filling 'secret_sauce' into Password Input element (#password)
2026-07-03T06:29:54.393Z [INFO]: Clicking login button
2026-07-03T06:29:54.393Z [INFO]: Clicking on Login Button element (#login-button)
2026-07-03T06:29:54.468Z [INFO]: Asserting URL contains: /inventory.html
2026-07-03T06:29:54.476Z [INFO]: Clicking on Menu Button element (#react-burger-menu-btn)
2026-07-03T06:29:54.483Z [INFO]: Waiting for page load state: load
2026-07-03T06:29:54.486Z [INFO]: Entering credentials for user: locked_out_user
2026-07-03T06:29:54.486Z [INFO]: Filling 'locked_out_user' into Username Input element (#user-name)
2026-07-03T06:29:54.505Z [INFO]: Clicking on Logout Button element (#logout_sidebar_link)
2026-07-03T06:29:54.530Z [INFO]: Filling 'secret_sauce' into Password Input element (#password)
2026-07-03T06:29:54.544Z [INFO]: Clicking login button
2026-07-03T06:29:54.544Z [INFO]: Clicking on Login Button element (#login-button)
2026-07-03T06:29:54.595Z [INFO]: Asserting element is visible: [data-test="error"]
2026-07-03T06:29:54.607Z [INFO]: Test passed successfully.
2026-07-03T06:29:55.435Z [INFO]: Asserting element is visible: #user-name
2026-07-03T06:29:55.440Z [INFO]: Test passed successfully.
2026-07-03T06:33:42.247Z [INFO]: Starting test: Logout from dashboard
2026-07-03T06:33:42.258Z [INFO]: Starting test: Successful login
2026-07-03T06:33:42.261Z [INFO]: Opening Login Page
2026-07-03T06:33:42.261Z [INFO]: Navigating to URL: https://www.saucedemo.com
2026-07-03T06:33:42.249Z [INFO]: Opening Login Page
2026-07-03T06:33:42.250Z [INFO]: Navigating to URL: https://www.saucedemo.com
2026-07-03T06:33:42.270Z [INFO]: Starting test: Failed login
2026-07-03T06:33:42.273Z [INFO]: Opening Login Page
2026-07-03T06:33:42.274Z [INFO]: Navigating to URL: https://www.saucedemo.com
2026-07-03T06:33:42.747Z [INFO]: Waiting for page load state: load
2026-07-03T06:33:42.751Z [INFO]: Entering credentials for user: locked_out_user
2026-07-03T06:33:42.751Z [INFO]: Filling 'locked_out_user' into Username Input element (#user-name)
2026-07-03T06:33:42.790Z [INFO]: Filling 'secret_sauce' into Password Input element (#password)
2026-07-03T06:33:42.803Z [INFO]: Clicking login button
2026-07-03T06:33:42.803Z [INFO]: Clicking on Login Button element (#login-button)
2026-07-03T06:33:42.814Z [INFO]: Waiting for page load state: load
2026-07-03T06:33:42.820Z [INFO]: Entering credentials for user: standard_user
2026-07-03T06:33:42.820Z [INFO]: Filling 'standard_user' into Username Input element (#user-name)
2026-07-03T06:33:42.867Z [INFO]: Filling 'secret_sauce' into Password Input element (#password)
2026-07-03T06:33:42.874Z [INFO]: Asserting element is visible: [data-test="error"]
2026-07-03T06:33:42.885Z [INFO]: Clicking login button
2026-07-03T06:33:42.889Z [INFO]: Test passed successfully.
2026-07-03T06:33:42.886Z [INFO]: Clicking on Login Button element (#login-button)
2026-07-03T06:33:42.967Z [INFO]: Waiting for page load state: load
2026-07-03T06:33:42.971Z [INFO]: Entering credentials for user: standard_user
2026-07-03T06:33:42.972Z [INFO]: Filling 'standard_user' into Username Input element (#user-name)
2026-07-03T06:33:42.989Z [INFO]: Asserting URL contains: /inventory.html
2026-07-03T06:33:42.999Z [INFO]: Clicking on Menu Button element (#react-burger-menu-btn)
2026-07-03T06:33:43.020Z [INFO]: Filling 'secret_sauce' into Password Input element (#password)
2026-07-03T06:33:43.038Z [INFO]: Clicking login button
2026-07-03T06:33:43.039Z [INFO]: Clicking on Login Button element (#login-button)
2026-07-03T06:33:43.057Z [INFO]: Clicking on Logout Button element (#logout_sidebar_link)
2026-07-03T06:33:43.129Z [INFO]: Asserting URL contains: /inventory.html
2026-07-03T06:33:43.137Z [INFO]: Asserting element is visible: .title
2026-07-03T06:33:43.149Z [INFO]: Test passed successfully.
2026-07-03T06:33:43.969Z [INFO]: Asserting element is visible: #user-name
2026-07-03T06:33:43.973Z [INFO]: Test passed successfully.
2026-07-03T06:35:00.583Z [INFO]: Starting test: Failed login
2026-07-03T06:35:00.585Z [INFO]: Opening Login Page
2026-07-03T06:35:00.586Z [INFO]: Navigating to URL: https://www.saucedemo.com
2026-07-03T06:35:01.312Z [INFO]: Waiting for page load state: load
2026-07-03T06:35:01.321Z [INFO]: Entering credentials for user: locked_out_user
2026-07-03T06:35:01.321Z [INFO]: Filling 'locked_out_user' into Username Input element (#user-name)
2026-07-03T06:35:01.398Z [INFO]: Filling 'secret_sauce' into Password Input element (#password)
2026-07-03T06:35:01.424Z [INFO]: Clicking login button
2026-07-03T06:35:01.424Z [INFO]: Clicking on Login Button element (#login-button)
2026-07-03T06:35:01.483Z [INFO]: Starting test: Logout from dashboard
2026-07-03T06:35:01.486Z [INFO]: Opening Login Page
2026-07-03T06:35:01.487Z [INFO]: Navigating to URL: https://www.saucedemo.com
2026-07-03T06:35:01.696Z [INFO]: Starting test: Successful login
2026-07-03T06:35:01.699Z [INFO]: Opening Login Page
2026-07-03T06:35:01.700Z [INFO]: Navigating to URL: https://www.saucedemo.com
2026-07-03T06:35:02.220Z [INFO]: Waiting for page load state: load
2026-07-03T06:35:02.223Z [INFO]: Entering credentials for user: standard_user
2026-07-03T06:35:02.223Z [INFO]: Filling 'standard_user' into Username Input element (#user-name)
2026-07-03T06:35:02.272Z [INFO]: Filling 'secret_sauce' into Password Input element (#password)
2026-07-03T06:35:02.297Z [INFO]: Clicking login button
2026-07-03T06:35:02.297Z [INFO]: Clicking on Login Button element (#login-button)
2026-07-03T06:35:02.330Z [INFO]: Waiting for page load state: load
2026-07-03T06:35:02.335Z [INFO]: Entering credentials for user: standard_user
2026-07-03T06:35:02.335Z [INFO]: Filling 'standard_user' into Username Input element (#user-name)
2026-07-03T06:35:02.386Z [INFO]: Filling 'secret_sauce' into Password Input element (#password)
2026-07-03T06:35:02.403Z [INFO]: Clicking login button
2026-07-03T06:35:02.403Z [INFO]: Clicking on Login Button element (#login-button)
2026-07-03T06:35:04.603Z [INFO]: Asserting element is visible: [data-test="error"]
2026-07-03T06:35:04.635Z [INFO]: Test passed successfully.
2026-07-03T06:35:04.647Z [INFO]: Asserting URL contains: /inventory.html
2026-07-03T06:35:04.652Z [INFO]: Asserting URL contains: /inventory.html
2026-07-03T06:35:04.675Z [INFO]: Clicking on Menu Button element (#react-burger-menu-btn)
2026-07-03T06:35:04.701Z [INFO]: Asserting element is visible: .title
2026-07-03T06:35:04.713Z [INFO]: Test passed successfully.
2026-07-03T06:35:04.756Z [INFO]: Clicking on Logout Button element (#logout_sidebar_link)
2026-07-03T06:35:05.524Z [INFO]: Starting test: Successful login
2026-07-03T06:35:05.527Z [INFO]: Starting test: Failed login
2026-07-03T06:35:05.526Z [INFO]: Starting test: Logout from dashboard
2026-07-03T06:35:05.528Z [INFO]: Opening Login Page
2026-07-03T06:35:05.529Z [INFO]: Navigating to URL: https://www.saucedemo.com
2026-07-03T06:35:05.529Z [INFO]: Opening Login Page
2026-07-03T06:35:05.529Z [INFO]: Navigating to URL: https://www.saucedemo.com
2026-07-03T06:35:05.527Z [INFO]: Opening Login Page
2026-07-03T06:35:05.528Z [INFO]: Navigating to URL: https://www.saucedemo.com
2026-07-03T06:35:05.737Z [INFO]: Asserting element is visible: #user-name
2026-07-03T06:35:05.744Z [INFO]: Test passed successfully.
2026-07-03T06:35:06.140Z [INFO]: Waiting for page load state: load
2026-07-03T06:35:06.145Z [INFO]: Waiting for page load state: load
2026-07-03T06:35:06.144Z [INFO]: Entering credentials for user: standard_user
2026-07-03T06:35:06.144Z [INFO]: Filling 'standard_user' into Username Input element (#user-name)
2026-07-03T06:35:06.155Z [INFO]: Waiting for page load state: load
2026-07-03T06:35:06.149Z [INFO]: Entering credentials for user: locked_out_user
2026-07-03T06:35:06.149Z [INFO]: Filling 'locked_out_user' into Username Input element (#user-name)
2026-07-03T06:35:06.159Z [INFO]: Entering credentials for user: standard_user
2026-07-03T06:35:06.160Z [INFO]: Filling 'standard_user' into Username Input element (#user-name)
2026-07-03T06:35:06.199Z [INFO]: Filling 'secret_sauce' into Password Input element (#password)
2026-07-03T06:35:06.201Z [INFO]: Filling 'secret_sauce' into Password Input element (#password)
2026-07-03T06:35:06.215Z [INFO]: Filling 'secret_sauce' into Password Input element (#password)
2026-07-03T06:35:06.219Z [INFO]: Clicking login button
2026-07-03T06:35:06.218Z [INFO]: Clicking login button
2026-07-03T06:35:06.220Z [INFO]: Clicking on Login Button element (#login-button)
2026-07-03T06:35:06.219Z [INFO]: Clicking on Login Button element (#login-button)
2026-07-03T06:35:06.236Z [INFO]: Clicking login button
2026-07-03T06:35:06.236Z [INFO]: Clicking on Login Button element (#login-button)
2026-07-03T06:35:06.280Z [INFO]: Asserting element is visible: [data-test="error"]
2026-07-03T06:35:06.304Z [INFO]: Test passed successfully.
2026-07-03T06:35:06.329Z [INFO]: Asserting URL contains: /inventory.html
2026-07-03T06:35:06.345Z [INFO]: Asserting URL contains: /inventory.html
2026-07-03T06:35:06.352Z [INFO]: Asserting element is visible: .title
2026-07-03T06:35:06.362Z [INFO]: Clicking on Menu Button element (#react-burger-menu-btn)
2026-07-03T06:35:06.362Z [INFO]: Test passed successfully.
2026-07-03T06:35:06.441Z [INFO]: Clicking on Logout Button element (#logout_sidebar_link)
2026-07-03T06:35:07.389Z [INFO]: Asserting element is visible: #user-name
2026-07-03T06:35:07.392Z [INFO]: Test passed successfully.
2026-07-03T06:35:18.663Z [INFO]: Starting test: Successful login
2026-07-03T06:35:18.668Z [INFO]: Opening Login Page
2026-07-03T06:35:18.669Z [INFO]: Navigating to URL: https://www.saucedemo.com
2026-07-03T06:35:18.711Z [INFO]: Starting test: Logout from dashboard
2026-07-03T06:35:18.714Z [INFO]: Opening Login Page
2026-07-03T06:35:18.714Z [INFO]: Navigating to URL: https://www.saucedemo.com
2026-07-03T06:35:19.299Z [INFO]: Waiting for page load state: load
2026-07-03T06:35:19.305Z [INFO]: Entering credentials for user: standard_user
2026-07-03T06:35:19.306Z [INFO]: Filling 'standard_user' into Username Input element (#user-name)
2026-07-03T06:35:19.328Z [INFO]: Waiting for page load state: load
2026-07-03T06:35:19.331Z [INFO]: Starting test: Failed login
2026-07-03T06:35:19.335Z [INFO]: Opening Login Page
2026-07-03T06:35:19.337Z [INFO]: Navigating to URL: https://www.saucedemo.com
2026-07-03T06:35:19.335Z [INFO]: Entering credentials for user: standard_user
2026-07-03T06:35:19.336Z [INFO]: Filling 'standard_user' into Username Input element (#user-name)
2026-07-03T06:35:19.388Z [INFO]: Filling 'secret_sauce' into Password Input element (#password)
2026-07-03T06:35:19.412Z [INFO]: Filling 'secret_sauce' into Password Input element (#password)
2026-07-03T06:35:19.418Z [INFO]: Clicking login button
2026-07-03T06:35:19.419Z [INFO]: Clicking on Login Button element (#login-button)
2026-07-03T06:35:19.443Z [INFO]: Clicking login button
2026-07-03T06:35:19.444Z [INFO]: Clicking on Login Button element (#login-button)
2026-07-03T06:35:19.520Z [INFO]: Asserting URL contains: /inventory.html
2026-07-03T06:35:19.534Z [INFO]: Asserting element is visible: .title
2026-07-03T06:35:19.545Z [INFO]: Test passed successfully.
2026-07-03T06:35:19.554Z [INFO]: Asserting URL contains: /inventory.html
2026-07-03T06:35:19.594Z [INFO]: Clicking on Menu Button element (#react-burger-menu-btn)
2026-07-03T06:35:19.694Z [INFO]: Clicking on Logout Button element (#logout_sidebar_link)
2026-07-03T06:35:20.012Z [INFO]: Waiting for page load state: load
2026-07-03T06:35:20.015Z [INFO]: Entering credentials for user: locked_out_user
2026-07-03T06:35:20.016Z [INFO]: Filling 'locked_out_user' into Username Input element (#user-name)
2026-07-03T06:35:20.065Z [INFO]: Filling 'secret_sauce' into Password Input element (#password)
2026-07-03T06:35:20.082Z [INFO]: Clicking login button
2026-07-03T06:35:20.083Z [INFO]: Clicking on Login Button element (#login-button)
2026-07-03T06:35:20.145Z [INFO]: Asserting element is visible: [data-test="error"]
2026-07-03T06:35:20.158Z [INFO]: Test passed successfully.
2026-07-03T06:35:20.651Z [INFO]: Asserting element is visible: #user-name
2026-07-03T06:35:20.658Z [INFO]: Test passed successfully.
2026-07-03T06:51:10.712Z [INFO]: Starting test: Logout from dashboard
2026-07-03T06:51:10.715Z [INFO]: Opening Login Page
2026-07-03T06:51:10.715Z [INFO]: Navigating to URL: https://www.saucedemo.com
2026-07-03T06:51:10.794Z [INFO]: Starting test: Failed login
2026-07-03T06:51:10.797Z [INFO]: Opening Login Page
2026-07-03T06:51:10.798Z [INFO]: Navigating to URL: https://www.saucedemo.com
2026-07-03T06:51:11.070Z [INFO]: Starting test: Successful login
2026-07-03T06:51:11.074Z [INFO]: Opening Login Page
2026-07-03T06:51:11.075Z [INFO]: Navigating to URL: https://www.saucedemo.com
2026-07-03T06:51:11.307Z [INFO]: Waiting for page load state: load
2026-07-03T06:51:11.315Z [INFO]: Entering credentials for user: standard_user
2026-07-03T06:51:11.316Z [INFO]: Filling 'standard_user' into Username Input element (#user-name)
2026-07-03T06:51:11.366Z [INFO]: Filling 'secret_sauce' into Password Input element (#password)
2026-07-03T06:51:11.381Z [INFO]: Clicking login button
2026-07-03T06:51:11.381Z [INFO]: Clicking on Login Button element (#login-button)
2026-07-03T06:51:11.437Z [INFO]: Waiting for page load state: load
2026-07-03T06:51:11.442Z [INFO]: Entering credentials for user: locked_out_user
2026-07-03T06:51:11.442Z [INFO]: Filling 'locked_out_user' into Username Input element (#user-name)
2026-07-03T06:51:11.497Z [INFO]: Asserting URL contains: /inventory.html
2026-07-03T06:51:11.498Z [INFO]: Filling 'secret_sauce' into Password Input element (#password)
2026-07-03T06:51:11.513Z [INFO]: Clicking on Menu Button element (#react-burger-menu-btn)
2026-07-03T06:51:11.516Z [INFO]: Clicking login button
2026-07-03T06:51:11.516Z [INFO]: Clicking on Login Button element (#login-button)
2026-07-03T06:51:11.586Z [INFO]: Asserting element is visible: [data-test="error"]
2026-07-03T06:51:11.600Z [INFO]: Test passed successfully.
2026-07-03T06:51:11.602Z [INFO]: Clicking on Logout Button element (#logout_sidebar_link)
2026-07-03T06:51:11.718Z [INFO]: Waiting for page load state: load
2026-07-03T06:51:11.722Z [INFO]: Entering credentials for user: standard_user
2026-07-03T06:51:11.723Z [INFO]: Filling 'standard_user' into Username Input element (#user-name)
2026-07-03T06:51:11.778Z [INFO]: Filling 'secret_sauce' into Password Input element (#password)
2026-07-03T06:51:11.795Z [INFO]: Clicking login button
2026-07-03T06:51:11.795Z [INFO]: Clicking on Login Button element (#login-button)
2026-07-03T06:51:11.875Z [INFO]: Asserting URL contains: /inventory.html
2026-07-03T06:51:11.885Z [INFO]: Asserting element is visible: .title
2026-07-03T06:51:11.904Z [INFO]: Test passed successfully.
2026-07-03T06:51:12.546Z [INFO]: Asserting element is visible: #user-name
2026-07-03T06:51:12.554Z [INFO]: Test passed successfully.
